<?xml version="1.0" encoding="UTF-8"?>
<!-- Generated by org.testng.reporters.JUnitXMLReporter -->
<testsuite hostname="TransOrg-UIX" ignored="0" name="Test" tests="7" failures="0" timestamp="26 Jun 2018 17:14:48 GMT" time="7.695" errors="0">
  <testcase name="verifyCorrectLogin" time="3.501" classname="com.veryemp.testscripts.Login_API"/>
  <testcase name="loginAPI" time="0.244" classname="com.veryemp.testscripts.ChangePassword"/>
  <testcase name="verfyIncorrectLogin" time="0.564" classname="com.veryemp.testscripts.Login_API"/>
  <testcase name="changePasswordWithIncorrectExistingPassword" time="0.477" classname="com.veryemp.testscripts.ChangePassword"/>
  <testcase name="chagePasswordWithLastThreePassword" time="0.746" classname="com.veryemp.testscripts.ChangePassword"/>
  <testcase name="chagePasswordWithValidCredentials" time="0.845" classname="com.veryemp.testscripts.ChangePassword"/>
  <testcase name="changePasswordWithInvalidPasswordFormat" time="0.45" classname="com.veryemp.testscripts.ChangePassword"/>
</testsuite> <!-- Test -->
